Flutter crash report.
Please report a bug at https://github.com/flutter/flutter/issues.

## command

flutter run

## exception

PathAccessException: PathAccessException: Cannot delete file, path = '/Users/ihongcheol/flutterProject/flutter_fb/build/dd60cdf92fb2af3fa20b315335a5e02a/gen_localizations.stamp' (OS Error: Permission denied, errno = 13)

```
#0      _File.throwIfError (dart:io/file_impl.dart:783:7)
#1      _File._deleteSync (dart:io/file_impl.dart:368:5)
#2      FileSystemEntity.deleteSync (dart:io/file_system_entity.dart:425:7)
#3      ForwardingFileSystemEntity.deleteSync (package:file/src/forwarding/forwarding_file_system_entity.dart:70:16)
#4      ForwardingFileSystemEntity.deleteSync (package:file/src/forwarding/forwarding_file_system_entity.dart:70:16)
#5      ErrorHandlingFileSystem.deleteIfExists (package:flutter_tools/src/base/error_handling_io.dart:90:14)
#6      Target.clearStamp (package:flutter_tools/src/build_system/build_system.dart:178:29)
#7      _BuildInstance._invokeInternal (package:flutter_tools/src/build_system/build_system.dart:900:19)
<asynchronous suspension>
#8      Future.wait.<anonymous closure> (dart:async/future.dart:525:21)
<asynchronous suspension>
#9      _BuildInstance.invokeTarget (package:flutter_tools/src/build_system/build_system.dart:811:32)
<asynchronous suspension>
#10     FlutterBuildSystem.buildIncremental (package:flutter_tools/src/build_system/build_system.dart:709:16)
<asynchronous suspension>
#11     ResidentRunner.runSourceGenerators (package:flutter_tools/src/resident_runner.dart:1178:18)
<asynchronous suspension>
#12     ResidentWebRunner.run.<anonymous closure> (package:flutter_tools/src/isolated/resident_web_runner.dart:359:11)
<asynchronous suspension>
#13     asyncGuard.<anonymous closure> (package:flutter_tools/src/base/async_guard.dart:108:24)
<asynchronous suspension>
```

## flutter doctor

```
[32m[✓][39m Flutter (Channel stable, 3.35.7, on macOS 15.6.1 24G90 darwin-arm64, locale ko-KR) [181ms]
    [32m•[39m Flutter version 3.35.7 on channel stable at /opt/homebrew/share/flutter
    [32m•[39m Upstream repository https://github.com/flutter/flutter.git
    [32m•[39m Framework revision adc9010625 (8일 전), 2025-10-21 14:16:03 -0400
    [32m•[39m Engine revision 035316565a
    [32m•[39m Dart version 3.9.2
    [32m•[39m DevTools version 2.48.0
    [32m•[39m Feature flags: enable-web, enable-linux-desktop, enable-macos-desktop, enable-windows-desktop, enable-android, enable-ios, cli-animations,
      enable-lldb-debugging

[32m[✓][39m Android toolchain - develop for Android devices (Android SDK version 33.0.2) [1,858ms]
    [32m•[39m Android SDK at /Users/ihongcheol/Library/Android/sdk
    [32m•[39m Emulator version 36.1.9.0 (build_id 13823996) (CL:N/A)
    [32m•[39m Platform android-33, build-tools 33.0.2
    [32m•[39m Java binary at: /Applications/Android Studio.app/Contents/jbr/Contents/Home/bin/java
      This is the JDK bundled with the latest Android Studio installation on this machine.
      To manually set the JDK path, use: `flutter config --jdk-dir="path/to/jdk"`.
    [32m•[39m Java version OpenJDK Runtime Environment (build 21.0.7+-13880790-b1038.58)
    [32m•[39m All Android licenses accepted.

[33m[!][39m Xcode - develop for iOS and macOS (Xcode 26.0.1) [349ms]
    [32m•[39m Xcode at /Applications/Xcode.app/Contents/Developer
    [32m•[39m Build 17A400
    [31m✗[39m CocoaPods installed but not working.
        You appear to have CocoaPods installed but it is not working.
        This can happen if the version of Ruby that CocoaPods was installed with is different from the one being used to invoke it.
        This can usually be fixed by re-installing CocoaPods.
      For re-installation instructions, see https://guides.cocoapods.org/using/getting-started.html#installation

[32m[✓][39m Chrome - develop for the web [22ms]
    [32m•[39m Chrome at /Applications/Google Chrome.app/Contents/MacOS/Google Chrome

[32m[✓][39m Android Studio (version 2025.1) [22ms]
    [32m•[39m Android Studio at /Applications/Android Studio.app/Contents
    [32m•[39m Flutter plugin can be installed from:
      🔨 https://plugins.jetbrains.com/plugin/9212-flutter
    [32m•[39m Dart plugin can be installed from:
      🔨 https://plugins.jetbrains.com/plugin/6351-dart
    [32m•[39m Java version OpenJDK Runtime Environment (build 21.0.7+-13880790-b1038.58)

[32m[✓][39m IntelliJ IDEA Community Edition (version 2024.2.1) [21ms]
    [32m•[39m IntelliJ at /Applications/IntelliJ IDEA CE.app
    [32m•[39m Flutter plugin can be installed from:
      🔨 https://plugins.jetbrains.com/plugin/9212-flutter
    [32m•[39m Dart plugin can be installed from:
      🔨 https://plugins.jetbrains.com/plugin/6351-dart

[32m[✓][39m VS Code (version 1.93.1) [2ms]
    [32m•[39m VS Code at /Applications/Visual Studio Code.app/Contents
    [32m•[39m Flutter extension version 3.120.0

[32m[✓][39m Connected device (2 available) [5.9s]
    [32m•[39m macOS (desktop) • macos  • darwin-arm64   • macOS 15.6.1 24G90 darwin-arm64
    [32m•[39m Chrome (web)    • chrome • web-javascript • Google Chrome 141.0.7390.123

[32m[✓][39m Network resources [329ms]
    [32m•[39m All expected network resources are available.

[33m![39m Doctor found issues in 1 category.
```
